<?xml version="1.0" encoding="UTF-8"?>
<testsuite xmlns:xsi="http://www.w3.org/2001/XMLSchema-instance" xsi:noNamespaceSchemaLocation="https://maven.apache.org/surefire/maven-surefire-plugin/xsd/surefire-test-report-3.0.xsd" version="3.0" name="com.mycompany.ventascheckstyle.Controlador.CategoriaControladorTest" time="1.627" tests="4" errors="0" skipped="0" failures="0">
  <properties>
[...]
</properties>
  <testcase name="testRegistrarCategoria" classname="com.mycompany.ventascheckstyle.Controlador.CategoriaControladorTest" time="1.336">
    <system-out><![CDATA[Iniciando test: registrarCategoria
Conexion a la base exitosa
Resultado registrarCategoria("Electronica_1764514313392"): true
✅ Test registrarCategoria FINALIZADO correctamente
]]></system-out>
  </testcase>
  <testcase name="testEliminarCategoria" classname="com.mycompany.ventascheckstyle.Controlador.CategoriaControladorTest" time="0.107">
    <system-out><![CDATA[🧪 Iniciando test: eliminarCategoria
Conexion a la base exitosa
Conexion a la base exitosa
✅ Test eliminarCategoria FINALIZADO correctamente
]]></system-out>
  </testcase>
  <testcase name="testActualizarCategoria" classname="com.mycompany.ventascheckstyle.Controlador.CategoriaControladorTest" time="0.045">
    <system-out><![CDATA[Conexion a la base exitosa
]]></system-out>
  </testcase>
  <testcase name="testListarCategorias" classname="com.mycompany.ventascheckstyle.Controlador.CategoriaControladorTest" time="0.036">
    <system-out><![CDATA[Conexion a la base exitosa
]]></system-out>
  </testcase>
</testsuite>